The system is: Linux - 3.10.0-1062.9.1.el7.x86_64 - x86_64
Compiling the C compiler identification source file "CMakeCCompilerId.c" succeeded.
Compiler: /usr/local_rwth/sw/gcc/9.2.0/bin/gcc 
Build flags: 
Id flags:  

The output was:
0


Compilation of the C compiler identification source "CMakeCCompilerId.c" produced "a.out"

The C compiler identification is GNU, found in "/home/oi995116/Sem3/SiScLab/source/build/CMakeFiles/3.10.1/CompilerIdC/a.out"

Compiling the CXX compiler identification source file "CMakeCXXCompilerId.cpp" succeeded.
Compiler: /usr/local_rwth/sw/gcc/9.2.0/bin/g++ 
Build flags: 
Id flags:  

The output was:
0


Compilation of the CXX compiler identification source "CMakeCXXCompilerId.cpp" produced "a.out"

The CXX compiler identification is GNU, found in "/home/oi995116/Sem3/SiScLab/source/build/CMakeFiles/3.10.1/CompilerIdCXX/a.out"

Determining if the C compiler works passed with the following output:
Change Dir: /home/oi995116/Sem3/SiScLab/source/build/CMakeFiles/CMakeTmp

Run Build Command:"/usr/local_rwth/bin/gmake" "cmTC_f0cc5/fast"
/usr/local_rwth/bin/gmake -f CMakeFiles/cmTC_f0cc5.dir/build.make CMakeFiles/cmTC_f0cc5.dir/build
gmake[1]: Entering directory `/rwthfs/rz/cluster/home/oi995116/Sem3/SiScLab/source/build/CMakeFiles/CMakeTmp'
Building C object CMakeFiles/cmTC_f0cc5.dir/testCCompiler.c.o
/usr/local_rwth/sw/gcc/9.2.0/bin/gcc    -o CMakeFiles/cmTC_f0cc5.dir/testCCompiler.c.o   -c /home/oi995116/Sem3/SiScLab/source/build/CMakeFiles/CMakeTmp/testCCompiler.c
Linking C executable cmTC_f0cc5
/usr/bin/cmake -E cmake_link_script CMakeFiles/cmTC_f0cc5.dir/link.txt --verbose=1
/usr/local_rwth/sw/gcc/9.2.0/bin/gcc      -rdynamic CMakeFiles/cmTC_f0cc5.dir/testCCompiler.c.o  -o cmTC_f0cc5 
gmake[1]: Leaving directory `/rwthfs/rz/cluster/home/oi995116/Sem3/SiScLab/source/build/CMakeFiles/CMakeTmp'


Detecting C compiler ABI info compiled with the following output:
Change Dir: /home/oi995116/Sem3/SiScLab/source/build/CMakeFiles/CMakeTmp

Run Build Command:"/usr/local_rwth/bin/gmake" "cmTC_02afe/fast"
/usr/local_rwth/bin/gmake -f CMakeFiles/cmTC_02afe.dir/build.make CMakeFiles/cmTC_02afe.dir/build
gmake[1]: Entering directory `/rwthfs/rz/cluster/home/oi995116/Sem3/SiScLab/source/build/CMakeFiles/CMakeTmp'
Building C object CMakeFiles/cmTC_02afe.dir/CMakeCCompilerABI.c.o
/usr/local_rwth/sw/gcc/9.2.0/bin/gcc    -o CMakeFiles/cmTC_02afe.dir/CMakeCCompilerABI.c.o   -c /usr/share/cmake/Modules/CMakeCCompilerABI.c
Linking C executable cmTC_02afe
/usr/bin/cmake -E cmake_link_script CMakeFiles/cmTC_02afe.dir/link.txt --verbose=1
/usr/local_rwth/sw/gcc/9.2.0/bin/gcc     -v -rdynamic CMakeFiles/cmTC_02afe.dir/CMakeCCompilerABI.c.o  -o cmTC_02afe 
Using built-in specs.
COLLECT_GCC=/usr/local_rwth/sw/gcc/9.2.0/bin/gcc
COLLECT_LTO_WRAPPER=/usr/local_rwth/sw/gcc/9.2.0/libexec/gcc/x86_64-pc-linux-gnu/9.2.0/lto-wrapper
OFFLOAD_TARGET_NAMES=nvptx-none
Target: x86_64-pc-linux-gnu
Configured with: ../../SOURCES/gcc-9.2.0/configure --prefix=/usr/local_rwth/sw/gcc/9.2.0 --enable-offload-targets=nvptx-none --enable-languages=c,c++,objc,obj-c++,fortran --enable-lto --enable-install-libiberty --with-gmp=/w0/tmp/jh366276/GCC-9.2.0/build/destdir/usr/local_rwth/sw/gcc/9.2.0 --with-mpfr=/w0/tmp/jh366276/GCC-9.2.0/build/destdir/usr/local_rwth/sw/gcc/9.2.0 --with-mpc=/w0/tmp/jh366276/GCC-9.2.0/build/destdir/usr/local_rwth/sw/gcc/9.2.0 --with-ppl=/w0/tmp/jh366276/GCC-9.2.0/build/destdir/usr/local_rwth/sw/gcc/9.2.0 --with-isl --with-default-libstdcxx-abi=gcc4-compatible LDFLAGS='-Wl,-rpath,/usr/local_rwth/sw/gcc/9.2.0/lib64 -Wl,-rpath,/usr/local_rwth/sw/gcc/9.2.0/lib'
Thread model: posix
gcc version 9.2.0 (GCC) 
COMPILER_PATH=/usr/local_rwth/sw/gcc/9.2.0/libexec/gcc/x86_64-pc-linux-gnu/9.2.0/:/usr/local_rwth/sw/gcc/9.2.0/libexec/gcc/
LIBRARY_PATH=/usr/local_rwth/sw/gcc/9.2.0/lib/gcc/x86_64-pc-linux-gnu/9.2.0/:/usr/local_rwth/sw/gcc/9.2.0/lib/gcc/:/usr/local_rwth/sw/gcc/9.2.0/lib64/../lib64/:/usr/local_rwth/sw/gcc/9.2.0/lib/../lib64/:/rwthfs/rz/SW/gcc/CENTOS-7.3/9.2.0/bin/../lib/gcc/x86_64-pc-linux-gnu/9.2.0/../../../../lib64/:/lib/../lib64/:/usr/lib/../lib64/:/usr/local_rwth/sw/gcc/9.2.0/lib64/:/usr/local_rwth/sw/gcc/9.2.0/lib/:/opt/intel/Compiler/19.0/1.144/rwthlnk/daal/lib/intel64_lin/:/opt/intel/Compiler/19.0/1.144/rwthlnk/daal/lib/ia32_lin/:/opt/intel/Compiler/19.0/1.144/rwthlnk/ipp/lib/intel64_lin/:/opt/intel/Compiler/19.0/1.144/rwthlnk/ipp/lib/ia32_lin/:/opt/intel/Compiler/19.0/1.144/rwthlnk/mkl/lib/intel64_lin/:/opt/intel/Compiler/19.0/1.144/rwthlnk/mkl/lib/ia32_lin/:/opt/intel/Compiler/19.0/1.144/rwthlnk/tbb/lib/intel64_lin/gcc4.7/:/opt/intel/Compiler/19.0/1.144/rwthlnk/tbb/lib/ia32_lin/gcc4.7/:/rwthfs/rz/SW/gcc/CENTOS-7.3/9.2.0/bin/../lib/gcc/x86_64-pc-linux-gnu/9.2.0/../../../:/lib/:/usr/lib/
COLLECT_GCC_OPTIONS='-v' '-rdynamic' '-o' 'cmTC_02afe' '-mtune=generic' '-march=x86-64'
 /usr/local_rwth/sw/gcc/9.2.0/libexec/gcc/x86_64-pc-linux-gnu/9.2.0/collect2 -plugin /usr/local_rwth/sw/gcc/9.2.0/libexec/gcc/x86_64-pc-linux-gnu/9.2.0/liblto_plugin.so -plugin-opt=/usr/local_rwth/sw/gcc/9.2.0/libexec/gcc/x86_64-pc-linux-gnu/9.2.0/lto-wrapper -plugin-opt=-fresolution=/tmp/oi995116/login18-1_208136/ccx30zXy.res -plugin-opt=-pass-through=-lgcc -plugin-opt=-pass-through=-lgcc_s -plugin-opt=-pass-through=-lc -plugin-opt=-pass-through=-lgcc -plugin-opt=-pass-through=-lgcc_s --eh-frame-hdr -m elf_x86_64 -export-dynamic -dynamic-linker /lib64/ld-linux-x86-64.so.2 -o cmTC_02afe /lib/../lib64/crt1.o /lib/../lib64/crti.o /usr/local_rwth/sw/gcc/9.2.0/lib/gcc/x86_64-pc-linux-gnu/9.2.0/crtbegin.o -L/usr/local_rwth/sw/gcc/9.2.0/lib/gcc/x86_64-pc-linux-gnu/9.2.0 -L/usr/local_rwth/sw/gcc/9.2.0/lib/gcc -L/usr/local_rwth/sw/gcc/9.2.0/lib64/../lib64 -L/usr/local_rwth/sw/gcc/9.2.0/lib/../lib64 -L/rwthfs/rz/SW/gcc/CENTOS-7.3/9.2.0/bin/../lib/gcc/x86_64-pc-linux-gnu/9.2.0/../../../../lib64 -L/lib/../lib64 -L/usr/lib/../lib64 -L/usr/local_rwth/sw/gcc/9.2.0/lib64 -L/usr/local_rwth/sw/gcc/9.2.0/lib -L/opt/intel/Compiler/19.0/1.144/rwthlnk/daal/lib/intel64_lin -L/opt/intel/Compiler/19.0/1.144/rwthlnk/daal/lib/ia32_lin -L/opt/intel/Compiler/19.0/1.144/rwthlnk/ipp/lib/intel64_lin -L/opt/intel/Compiler/19.0/1.144/rwthlnk/ipp/lib/ia32_lin -L/opt/intel/Compiler/19.0/1.144/rwthlnk/mkl/lib/intel64_lin -L/opt/intel/Compiler/19.0/1.144/rwthlnk/mkl/lib/ia32_lin -L/opt/intel/Compiler/19.0/1.144/rwthlnk/tbb/lib/intel64_lin/gcc4.7 -L/opt/intel/Compiler/19.0/1.144/rwthlnk/tbb/lib/ia32_lin/gcc4.7 -L/rwthfs/rz/SW/gcc/CENTOS-7.3/9.2.0/bin/../lib/gcc/x86_64-pc-linux-gnu/9.2.0/../../.. CMakeFiles/cmTC_02afe.dir/CMakeCCompilerABI.c.o -lgcc --as-needed -lgcc_s --no-as-needed -lc -lgcc --as-needed -lgcc_s --no-as-needed /usr/local_rwth/sw/gcc/9.2.0/lib/gcc/x86_64-pc-linux-gnu/9.2.0/crtend.o /lib/../lib64/crtn.o
COLLECT_GCC_OPTIONS='-v' '-rdynamic' '-o' 'cmTC_02afe' '-mtune=generic' '-march=x86-64'
gmake[1]: Leaving directory `/rwthfs/rz/cluster/home/oi995116/Sem3/SiScLab/source/build/CMakeFiles/CMakeTmp'


Parsed C implicit link information from above output:
  link line regex: [^( *|.*[/\])(ld|CMAKE_LINK_STARTFILE-NOTFOUND|([^/\]+-)?ld|collect2)[^/\]*( |$)]
  ignore line: [Change Dir: /home/oi995116/Sem3/SiScLab/source/build/CMakeFiles/CMakeTmp]
  ignore line: []
  ignore line: [Run Build Command:"/usr/local_rwth/bin/gmake" "cmTC_02afe/fast"]
  ignore line: [/usr/local_rwth/bin/gmake -f CMakeFiles/cmTC_02afe.dir/build.make CMakeFiles/cmTC_02afe.dir/build]
  ignore line: [gmake[1]: Entering directory `/rwthfs/rz/cluster/home/oi995116/Sem3/SiScLab/source/build/CMakeFiles/CMakeTmp']
  ignore line: [Building C object CMakeFiles/cmTC_02afe.dir/CMakeCCompilerABI.c.o]
  ignore line: [/usr/local_rwth/sw/gcc/9.2.0/bin/gcc    -o CMakeFiles/cmTC_02afe.dir/CMakeCCompilerABI.c.o   -c /usr/share/cmake/Modules/CMakeCCompilerABI.c]
  ignore line: [Linking C executable cmTC_02afe]
  ignore line: [/usr/bin/cmake -E cmake_link_script CMakeFiles/cmTC_02afe.dir/link.txt --verbose=1]
  ignore line: [/usr/local_rwth/sw/gcc/9.2.0/bin/gcc     -v -rdynamic CMakeFiles/cmTC_02afe.dir/CMakeCCompilerABI.c.o  -o cmTC_02afe ]
  ignore line: [Using built-in specs.]
  ignore line: [COLLECT_GCC=/usr/local_rwth/sw/gcc/9.2.0/bin/gcc]
  ignore line: [COLLECT_LTO_WRAPPER=/usr/local_rwth/sw/gcc/9.2.0/libexec/gcc/x86_64-pc-linux-gnu/9.2.0/lto-wrapper]
  ignore line: [OFFLOAD_TARGET_NAMES=nvptx-none]
  ignore line: [Target: x86_64-pc-linux-gnu]
  ignore line: [Configured with: ../../SOURCES/gcc-9.2.0/configure --prefix=/usr/local_rwth/sw/gcc/9.2.0 --enable-offload-targets=nvptx-none --enable-languages=c,c++,objc,obj-c++,fortran --enable-lto --enable-install-libiberty --with-gmp=/w0/tmp/jh366276/GCC-9.2.0/build/destdir/usr/local_rwth/sw/gcc/9.2.0 --with-mpfr=/w0/tmp/jh366276/GCC-9.2.0/build/destdir/usr/local_rwth/sw/gcc/9.2.0 --with-mpc=/w0/tmp/jh366276/GCC-9.2.0/build/destdir/usr/local_rwth/sw/gcc/9.2.0 --with-ppl=/w0/tmp/jh366276/GCC-9.2.0/build/destdir/usr/local_rwth/sw/gcc/9.2.0 --with-isl --with-default-libstdcxx-abi=gcc4-compatible LDFLAGS='-Wl,-rpath,/usr/local_rwth/sw/gcc/9.2.0/lib64 -Wl,-rpath,/usr/local_rwth/sw/gcc/9.2.0/lib']
  ignore line: [Thread model: posix]
  ignore line: [gcc version 9.2.0 (GCC) ]
  ignore line: [COMPILER_PATH=/usr/local_rwth/sw/gcc/9.2.0/libexec/gcc/x86_64-pc-linux-gnu/9.2.0/:/usr/local_rwth/sw/gcc/9.2.0/libexec/gcc/]
  ignore line: [LIBRARY_PATH=/usr/local_rwth/sw/gcc/9.2.0/lib/gcc/x86_64-pc-linux-gnu/9.2.0/:/usr/local_rwth/sw/gcc/9.2.0/lib/gcc/:/usr/local_rwth/sw/gcc/9.2.0/lib64/../lib64/:/usr/local_rwth/sw/gcc/9.2.0/lib/../lib64/:/rwthfs/rz/SW/gcc/CENTOS-7.3/9.2.0/bin/../lib/gcc/x86_64-pc-linux-gnu/9.2.0/../../../../lib64/:/lib/../lib64/:/usr/lib/../lib64/:/usr/local_rwth/sw/gcc/9.2.0/lib64/:/usr/local_rwth/sw/gcc/9.2.0/lib/:/opt/intel/Compiler/19.0/1.144/rwthlnk/daal/lib/intel64_lin/:/opt/intel/Compiler/19.0/1.144/rwthlnk/daal/lib/ia32_lin/:/opt/intel/Compiler/19.0/1.144/rwthlnk/ipp/lib/intel64_lin/:/opt/intel/Compiler/19.0/1.144/rwthlnk/ipp/lib/ia32_lin/:/opt/intel/Compiler/19.0/1.144/rwthlnk/mkl/lib/intel64_lin/:/opt/intel/Compiler/19.0/1.144/rwthlnk/mkl/lib/ia32_lin/:/opt/intel/Compiler/19.0/1.144/rwthlnk/tbb/lib/intel64_lin/gcc4.7/:/opt/intel/Compiler/19.0/1.144/rwthlnk/tbb/lib/ia32_lin/gcc4.7/:/rwthfs/rz/SW/gcc/CENTOS-7.3/9.2.0/bin/../lib/gcc/x86_64-pc-linux-gnu/9.2.0/../../../:/lib/:/usr/lib/]
  ignore line: [COLLECT_GCC_OPTIONS='-v' '-rdynamic' '-o' 'cmTC_02afe' '-mtune=generic' '-march=x86-64']
  link line: [ /usr/local_rwth/sw/gcc/9.2.0/libexec/gcc/x86_64-pc-linux-gnu/9.2.0/collect2 -plugin /usr/local_rwth/sw/gcc/9.2.0/libexec/gcc/x86_64-pc-linux-gnu/9.2.0/liblto_plugin.so -plugin-opt=/usr/local_rwth/sw/gcc/9.2.0/libexec/gcc/x86_64-pc-linux-gnu/9.2.0/lto-wrapper -plugin-opt=-fresolution=/tmp/oi995116/login18-1_208136/ccx30zXy.res -plugin-opt=-pass-through=-lgcc -plugin-opt=-pass-through=-lgcc_s -plugin-opt=-pass-through=-lc -plugin-opt=-pass-through=-lgcc -plugin-opt=-pass-through=-lgcc_s --eh-frame-hdr -m elf_x86_64 -export-dynamic -dynamic-linker /lib64/ld-linux-x86-64.so.2 -o cmTC_02afe /lib/../lib64/crt1.o /lib/../lib64/crti.o /usr/local_rwth/sw/gcc/9.2.0/lib/gcc/x86_64-pc-linux-gnu/9.2.0/crtbegin.o -L/usr/local_rwth/sw/gcc/9.2.0/lib/gcc/x86_64-pc-linux-gnu/9.2.0 -L/usr/local_rwth/sw/gcc/9.2.0/lib/gcc -L/usr/local_rwth/sw/gcc/9.2.0/lib64/../lib64 -L/usr/local_rwth/sw/gcc/9.2.0/lib/../lib64 -L/rwthfs/rz/SW/gcc/CENTOS-7.3/9.2.0/bin/../lib/gcc/x86_64-pc-linux-gnu/9.2.0/../../../../lib64 -L/lib/../lib64 -L/usr/lib/../lib64 -L/usr/local_rwth/sw/gcc/9.2.0/lib64 -L/usr/local_rwth/sw/gcc/9.2.0/lib -L/opt/intel/Compiler/19.0/1.144/rwthlnk/daal/lib/intel64_lin -L/opt/intel/Compiler/19.0/1.144/rwthlnk/daal/lib/ia32_lin -L/opt/intel/Compiler/19.0/1.144/rwthlnk/ipp/lib/intel64_lin -L/opt/intel/Compiler/19.0/1.144/rwthlnk/ipp/lib/ia32_lin -L/opt/intel/Compiler/19.0/1.144/rwthlnk/mkl/lib/intel64_lin -L/opt/intel/Compiler/19.0/1.144/rwthlnk/mkl/lib/ia32_lin -L/opt/intel/Compiler/19.0/1.144/rwthlnk/tbb/lib/intel64_lin/gcc4.7 -L/opt/intel/Compiler/19.0/1.144/rwthlnk/tbb/lib/ia32_lin/gcc4.7 -L/rwthfs/rz/SW/gcc/CENTOS-7.3/9.2.0/bin/../lib/gcc/x86_64-pc-linux-gnu/9.2.0/../../.. CMakeFiles/cmTC_02afe.dir/CMakeCCompilerABI.c.o -lgcc --as-needed -lgcc_s --no-as-needed -lc -lgcc --as-needed -lgcc_s --no-as-needed /usr/local_rwth/sw/gcc/9.2.0/lib/gcc/x86_64-pc-linux-gnu/9.2.0/crtend.o /lib/../lib64/crtn.o]
    arg [/usr/local_rwth/sw/gcc/9.2.0/libexec/gcc/x86_64-pc-linux-gnu/9.2.0/collect2] ==> ignore
    arg [-plugin] ==> ignore
    arg [/usr/local_rwth/sw/gcc/9.2.0/libexec/gcc/x86_64-pc-linux-gnu/9.2.0/liblto_plugin.so] ==> ignore
    arg [-plugin-opt=/usr/local_rwth/sw/gcc/9.2.0/libexec/gcc/x86_64-pc-linux-gnu/9.2.0/lto-wrapper] ==> ignore
    arg [-plugin-opt=-fresolution=/tmp/oi995116/login18-1_208136/ccx30zXy.res] ==> ignore
    arg [-plugin-opt=-pass-through=-lgcc] ==> ignore
    arg [-plugin-opt=-pass-through=-lgcc_s] ==> ignore
    arg [-plugin-opt=-pass-through=-lc] ==> ignore
    arg [-plugin-opt=-pass-through=-lgcc] ==> ignore
    arg [-plugin-opt=-pass-through=-lgcc_s] ==> ignore
    arg [--eh-frame-hdr] ==> ignore
    arg [-m] ==> ignore
    arg [elf_x86_64] ==> ignore
    arg [-export-dynamic] ==> ignore
    arg [-dynamic-linker] ==> ignore
    arg [/lib64/ld-linux-x86-64.so.2] ==> ignore
    arg [-o] ==> ignore
    arg [cmTC_02afe] ==> ignore
    arg [/lib/../lib64/crt1.o] ==> ignore
    arg [/lib/../lib64/crti.o] ==> ignore
    arg [/usr/local_rwth/sw/gcc/9.2.0/lib/gcc/x86_64-pc-linux-gnu/9.2.0/crtbegin.o] ==> ignore
    arg [-L/usr/local_rwth/sw/gcc/9.2.0/lib/gcc/x86_64-pc-linux-gnu/9.2.0] ==> dir [/usr/local_rwth/sw/gcc/9.2.0/lib/gcc/x86_64-pc-linux-gnu/9.2.0]
    arg [-L/usr/local_rwth/sw/gcc/9.2.0/lib/gcc] ==> dir [/usr/local_rwth/sw/gcc/9.2.0/lib/gcc]
    arg [-L/usr/local_rwth/sw/gcc/9.2.0/lib64/../lib64] ==> dir [/usr/local_rwth/sw/gcc/9.2.0/lib64/../lib64]
    arg [-L/usr/local_rwth/sw/gcc/9.2.0/lib/../lib64] ==> dir [/usr/local_rwth/sw/gcc/9.2.0/lib/../lib64]
    arg [-L/rwthfs/rz/SW/gcc/CENTOS-7.3/9.2.0/bin/../lib/gcc/x86_64-pc-linux-gnu/9.2.0/../../../../lib64] ==> dir [/rwthfs/rz/SW/gcc/CENTOS-7.3/9.2.0/bin/../lib/gcc/x86_64-pc-linux-gnu/9.2.0/../../../../lib64]
    arg [-L/lib/../lib64] ==> dir [/lib/../lib64]
    arg [-L/usr/lib/../lib64] ==> dir [/usr/lib/../lib64]
    arg [-L/usr/local_rwth/sw/gcc/9.2.0/lib64] ==> dir [/usr/local_rwth/sw/gcc/9.2.0/lib64]
    arg [-L/usr/local_rwth/sw/gcc/9.2.0/lib] ==> dir [/usr/local_rwth/sw/gcc/9.2.0/lib]
    arg [-L/opt/intel/Compiler/19.0/1.144/rwthlnk/daal/lib/intel64_lin] ==> dir [/opt/intel/Compiler/19.0/1.144/rwthlnk/daal/lib/intel64_lin]
    arg [-L/opt/intel/Compiler/19.0/1.144/rwthlnk/daal/lib/ia32_lin] ==> dir [/opt/intel/Compiler/19.0/1.144/rwthlnk/daal/lib/ia32_lin]
    arg [-L/opt/intel/Compiler/19.0/1.144/rwthlnk/ipp/lib/intel64_lin] ==> dir [/opt/intel/Compiler/19.0/1.144/rwthlnk/ipp/lib/intel64_lin]
    arg [-L/opt/intel/Compiler/19.0/1.144/rwthlnk/ipp/lib/ia32_lin] ==> dir [/opt/intel/Compiler/19.0/1.144/rwthlnk/ipp/lib/ia32_lin]
    arg [-L/opt/intel/Compiler/19.0/1.144/rwthlnk/mkl/lib/intel64_lin] ==> dir [/opt/intel/Compiler/19.0/1.144/rwthlnk/mkl/lib/intel64_lin]
    arg [-L/opt/intel/Compiler/19.0/1.144/rwthlnk/mkl/lib/ia32_lin] ==> dir [/opt/intel/Compiler/19.0/1.144/rwthlnk/mkl/lib/ia32_lin]
    arg [-L/opt/intel/Compiler/19.0/1.144/rwthlnk/tbb/lib/intel64_lin/gcc4.7] ==> dir [/opt/intel/Compiler/19.0/1.144/rwthlnk/tbb/lib/intel64_lin/gcc4.7]
    arg [-L/opt/intel/Compiler/19.0/1.144/rwthlnk/tbb/lib/ia32_lin/gcc4.7] ==> dir [/opt/intel/Compiler/19.0/1.144/rwthlnk/tbb/lib/ia32_lin/gcc4.7]
    arg [-L/rwthfs/rz/SW/gcc/CENTOS-7.3/9.2.0/bin/../lib/gcc/x86_64-pc-linux-gnu/9.2.0/../../..] ==> dir [/rwthfs/rz/SW/gcc/CENTOS-7.3/9.2.0/bin/../lib/gcc/x86_64-pc-linux-gnu/9.2.0/../../..]
    arg [CMakeFiles/cmTC_02afe.dir/CMakeCCompilerABI.c.o] ==> ignore
    arg [-lgcc] ==> lib [gcc]
    arg [--as-needed] ==> ignore
    arg [-lgcc_s] ==> lib [gcc_s]
    arg [--no-as-needed] ==> ignore
    arg [-lc] ==> lib [c]
    arg [-lgcc] ==> lib [gcc]
    arg [--as-needed] ==> ignore
    arg [-lgcc_s] ==> lib [gcc_s]
    arg [--no-as-needed] ==> ignore
    arg [/usr/local_rwth/sw/gcc/9.2.0/lib/gcc/x86_64-pc-linux-gnu/9.2.0/crtend.o] ==> ignore
    arg [/lib/../lib64/crtn.o] ==> ignore
  collapse library dir [/usr/local_rwth/sw/gcc/9.2.0/lib/gcc/x86_64-pc-linux-gnu/9.2.0] ==> [/usr/local_rwth/sw/gcc/9.2.0/lib/gcc/x86_64-pc-linux-gnu/9.2.0]
  collapse library dir [/usr/local_rwth/sw/gcc/9.2.0/lib/gcc] ==> [/usr/local_rwth/sw/gcc/9.2.0/lib/gcc]
  collapse library dir [/usr/local_rwth/sw/gcc/9.2.0/lib64/../lib64] ==> [/usr/local_rwth/sw/gcc/9.2.0/lib64]
  collapse library dir [/usr/local_rwth/sw/gcc/9.2.0/lib/../lib64] ==> [/usr/local_rwth/sw/gcc/9.2.0/lib64]
  collapse library dir [/rwthfs/rz/SW/gcc/CENTOS-7.3/9.2.0/bin/../lib/gcc/x86_64-pc-linux-gnu/9.2.0/../../../../lib64] ==> [/rwthfs/rz/SW/gcc/CENTOS-7.3/9.2.0/lib64]
  collapse library dir [/lib/../lib64] ==> [/lib64]
  collapse library dir [/usr/lib/../lib64] ==> [/usr/lib64]
  collapse library dir [/usr/local_rwth/sw/gcc/9.2.0/lib64] ==> [/usr/local_rwth/sw/gcc/9.2.0/lib64]
  collapse library dir [/usr/local_rwth/sw/gcc/9.2.0/lib] ==> [/usr/local_rwth/sw/gcc/9.2.0/lib]
  collapse library dir [/opt/intel/Compiler/19.0/1.144/rwthlnk/daal/lib/intel64_lin] ==> [/opt/intel/Compiler/19.0/1.144/rwthlnk/daal/lib/intel64_lin]
  collapse library dir [/opt/intel/Compiler/19.0/1.144/rwthlnk/daal/lib/ia32_lin] ==> [/opt/intel/Compiler/19.0/1.144/rwthlnk/daal/lib/ia32_lin]
  collapse library dir [/opt/intel/Compiler/19.0/1.144/rwthlnk/ipp/lib/intel64_lin] ==> [/opt/intel/Compiler/19.0/1.144/rwthlnk/ipp/lib/intel64_lin]
  collapse library dir [/opt/intel/Compiler/19.0/1.144/rwthlnk/ipp/lib/ia32_lin] ==> [/opt/intel/Compiler/19.0/1.144/rwthlnk/ipp/lib/ia32_lin]
  collapse library dir [/opt/intel/Compiler/19.0/1.144/rwthlnk/mkl/lib/intel64_lin] ==> [/opt/intel/Compiler/19.0/1.144/rwthlnk/mkl/lib/intel64_lin]
  collapse library dir [/opt/intel/Compiler/19.0/1.144/rwthlnk/mkl/lib/ia32_lin] ==> [/opt/intel/Compiler/19.0/1.144/rwthlnk/mkl/lib/ia32_lin]
  collapse library dir [/opt/intel/Compiler/19.0/1.144/rwthlnk/tbb/lib/intel64_lin/gcc4.7] ==> [/opt/intel/Compiler/19.0/1.144/rwthlnk/tbb/lib/intel64_lin/gcc4.7]
  collapse library dir [/opt/intel/Compiler/19.0/1.144/rwthlnk/tbb/lib/ia32_lin/gcc4.7] ==> [/opt/intel/Compiler/19.0/1.144/rwthlnk/tbb/lib/ia32_lin/gcc4.7]
  collapse library dir [/rwthfs/rz/SW/gcc/CENTOS-7.3/9.2.0/bin/../lib/gcc/x86_64-pc-linux-gnu/9.2.0/../../..] ==> [/rwthfs/rz/SW/gcc/CENTOS-7.3/9.2.0/lib]
  implicit libs: [gcc;gcc_s;c;gcc;gcc_s]
  implicit dirs: [/usr/local_rwth/sw/gcc/9.2.0/lib/gcc/x86_64-pc-linux-gnu/9.2.0;/usr/local_rwth/sw/gcc/9.2.0/lib/gcc;/usr/local_rwth/sw/gcc/9.2.0/lib64;/rwthfs/rz/SW/gcc/CENTOS-7.3/9.2.0/lib64;/lib64;/usr/lib64;/usr/local_rwth/sw/gcc/9.2.0/lib;/opt/intel/Compiler/19.0/1.144/rwthlnk/daal/lib/intel64_lin;/opt/intel/Compiler/19.0/1.144/rwthlnk/daal/lib/ia32_lin;/opt/intel/Compiler/19.0/1.144/rwthlnk/ipp/lib/intel64_lin;/opt/intel/Compiler/19.0/1.144/rwthlnk/ipp/lib/ia32_lin;/opt/intel/Compiler/19.0/1.144/rwthlnk/mkl/lib/intel64_lin;/opt/intel/Compiler/19.0/1.144/rwthlnk/mkl/lib/ia32_lin;/opt/intel/Compiler/19.0/1.144/rwthlnk/tbb/lib/intel64_lin/gcc4.7;/opt/intel/Compiler/19.0/1.144/rwthlnk/tbb/lib/ia32_lin/gcc4.7;/rwthfs/rz/SW/gcc/CENTOS-7.3/9.2.0/lib]
  implicit fwks: []




Detecting C [-std=c11] compiler features compiled with the following output:
Change Dir: /home/oi995116/Sem3/SiScLab/source/build/CMakeFiles/CMakeTmp

Run Build Command:"/usr/local_rwth/bin/gmake" "cmTC_8ca22/fast"
/usr/local_rwth/bin/gmake -f CMakeFiles/cmTC_8ca22.dir/build.make CMakeFiles/cmTC_8ca22.dir/build
gmake[1]: Entering directory `/rwthfs/rz/cluster/home/oi995116/Sem3/SiScLab/source/build/CMakeFiles/CMakeTmp'
Building C object CMakeFiles/cmTC_8ca22.dir/feature_tests.c.o
/usr/local_rwth/sw/gcc/9.2.0/bin/gcc   -std=c11 -o CMakeFiles/cmTC_8ca22.dir/feature_tests.c.o   -c /home/oi995116/Sem3/SiScLab/source/build/CMakeFiles/feature_tests.c
Linking C executable cmTC_8ca22
/usr/bin/cmake -E cmake_link_script CMakeFiles/cmTC_8ca22.dir/link.txt --verbose=1
/usr/local_rwth/sw/gcc/9.2.0/bin/gcc      -rdynamic CMakeFiles/cmTC_8ca22.dir/feature_tests.c.o  -o cmTC_8ca22 
gmake[1]: Leaving directory `/rwthfs/rz/cluster/home/oi995116/Sem3/SiScLab/source/build/CMakeFiles/CMakeTmp'


    Feature record: C_FEATURE:1c_function_prototypes
    Feature record: C_FEATURE:1c_restrict
    Feature record: C_FEATURE:1c_static_assert
    Feature record: C_FEATURE:1c_variadic_macros


Detecting C [-std=c99] compiler features compiled with the following output:
Change Dir: /home/oi995116/Sem3/SiScLab/source/build/CMakeFiles/CMakeTmp

Run Build Command:"/usr/local_rwth/bin/gmake" "cmTC_0ff41/fast"
/usr/local_rwth/bin/gmake -f CMakeFiles/cmTC_0ff41.dir/build.make CMakeFiles/cmTC_0ff41.dir/build
gmake[1]: Entering directory `/rwthfs/rz/cluster/home/oi995116/Sem3/SiScLab/source/build/CMakeFiles/CMakeTmp'
Building C object CMakeFiles/cmTC_0ff41.dir/feature_tests.c.o
/usr/local_rwth/sw/gcc/9.2.0/bin/gcc   -std=c99 -o CMakeFiles/cmTC_0ff41.dir/feature_tests.c.o   -c /home/oi995116/Sem3/SiScLab/source/build/CMakeFiles/feature_tests.c
Linking C executable cmTC_0ff41
/usr/bin/cmake -E cmake_link_script CMakeFiles/cmTC_0ff41.dir/link.txt --verbose=1
/usr/local_rwth/sw/gcc/9.2.0/bin/gcc      -rdynamic CMakeFiles/cmTC_0ff41.dir/feature_tests.c.o  -o cmTC_0ff41 
gmake[1]: Leaving directory `/rwthfs/rz/cluster/home/oi995116/Sem3/SiScLab/source/build/CMakeFiles/CMakeTmp'


    Feature record: C_FEATURE:1c_function_prototypes
    Feature record: C_FEATURE:1c_restrict
    Feature record: C_FEATURE:0c_static_assert
    Feature record: C_FEATURE:1c_variadic_macros


Detecting C [-std=c90] compiler features compiled with the following output:
Change Dir: /home/oi995116/Sem3/SiScLab/source/build/CMakeFiles/CMakeTmp

Run Build Command:"/usr/local_rwth/bin/gmake" "cmTC_eb991/fast"
/usr/local_rwth/bin/gmake -f CMakeFiles/cmTC_eb991.dir/build.make CMakeFiles/cmTC_eb991.dir/build
gmake[1]: Entering directory `/rwthfs/rz/cluster/home/oi995116/Sem3/SiScLab/source/build/CMakeFiles/CMakeTmp'
Building C object CMakeFiles/cmTC_eb991.dir/feature_tests.c.o
/usr/local_rwth/sw/gcc/9.2.0/bin/gcc   -std=c90 -o CMakeFiles/cmTC_eb991.dir/feature_tests.c.o   -c /home/oi995116/Sem3/SiScLab/source/build/CMakeFiles/feature_tests.c
Linking C executable cmTC_eb991
/usr/bin/cmake -E cmake_link_script CMakeFiles/cmTC_eb991.dir/link.txt --verbose=1
/usr/local_rwth/sw/gcc/9.2.0/bin/gcc      -rdynamic CMakeFiles/cmTC_eb991.dir/feature_tests.c.o  -o cmTC_eb991 
gmake[1]: Leaving directory `/rwthfs/rz/cluster/home/oi995116/Sem3/SiScLab/source/build/CMakeFiles/CMakeTmp'


    Feature record: C_FEATURE:1c_function_prototypes
    Feature record: C_FEATURE:0c_restrict
    Feature record: C_FEATURE:0c_static_assert
    Feature record: C_FEATURE:0c_variadic_macros
Determining if the CXX compiler works passed with the following output:
Change Dir: /home/oi995116/Sem3/SiScLab/source/build/CMakeFiles/CMakeTmp

Run Build Command:"/usr/local_rwth/bin/gmake" "cmTC_48f59/fast"
/usr/local_rwth/bin/gmake -f CMakeFiles/cmTC_48f59.dir/build.make CMakeFiles/cmTC_48f59.dir/build
gmake[1]: Entering directory `/rwthfs/rz/cluster/home/oi995116/Sem3/SiScLab/source/build/CMakeFiles/CMakeTmp'
Building CXX object CMakeFiles/cmTC_48f59.dir/testCXXCompiler.cxx.o
/usr/local_rwth/sw/gcc/9.2.0/bin/g++     -o CMakeFiles/cmTC_48f59.dir/testCXXCompiler.cxx.o -c /home/oi995116/Sem3/SiScLab/source/build/CMakeFiles/CMakeTmp/testCXXCompiler.cxx
Linking CXX executable cmTC_48f59
/usr/bin/cmake -E cmake_link_script CMakeFiles/cmTC_48f59.dir/link.txt --verbose=1
/usr/local_rwth/sw/gcc/9.2.0/bin/g++       -rdynamic CMakeFiles/cmTC_48f59.dir/testCXXCompiler.cxx.o  -o cmTC_48f59 
gmake[1]: Leaving directory `/rwthfs/rz/cluster/home/oi995116/Sem3/SiScLab/source/build/CMakeFiles/CMakeTmp'


Detecting CXX compiler ABI info compiled with the following output:
Change Dir: /home/oi995116/Sem3/SiScLab/source/build/CMakeFiles/CMakeTmp

Run Build Command:"/usr/local_rwth/bin/gmake" "cmTC_a1cc2/fast"
/usr/local_rwth/bin/gmake -f CMakeFiles/cmTC_a1cc2.dir/build.make CMakeFiles/cmTC_a1cc2.dir/build
gmake[1]: Entering directory `/rwthfs/rz/cluster/home/oi995116/Sem3/SiScLab/source/build/CMakeFiles/CMakeTmp'
Building CXX object CMakeFiles/cmTC_a1cc2.dir/CMakeCXXCompilerABI.cpp.o
/usr/local_rwth/sw/gcc/9.2.0/bin/g++     -o CMakeFiles/cmTC_a1cc2.dir/CMakeCXXCompilerABI.cpp.o -c /usr/share/cmake/Modules/CMakeCXXCompilerABI.cpp
Linking CXX executable cmTC_a1cc2
/usr/bin/cmake -E cmake_link_script CMakeFiles/cmTC_a1cc2.dir/link.txt --verbose=1
/usr/local_rwth/sw/gcc/9.2.0/bin/g++      -v -rdynamic CMakeFiles/cmTC_a1cc2.dir/CMakeCXXCompilerABI.cpp.o  -o cmTC_a1cc2 
Using built-in specs.
COLLECT_GCC=/usr/local_rwth/sw/gcc/9.2.0/bin/g++
COLLECT_LTO_WRAPPER=/usr/local_rwth/sw/gcc/9.2.0/libexec/gcc/x86_64-pc-linux-gnu/9.2.0/lto-wrapper
OFFLOAD_TARGET_NAMES=nvptx-none
Target: x86_64-pc-linux-gnu
Configured with: ../../SOURCES/gcc-9.2.0/configure --prefix=/usr/local_rwth/sw/gcc/9.2.0 --enable-offload-targets=nvptx-none --enable-languages=c,c++,objc,obj-c++,fortran --enable-lto --enable-install-libiberty --with-gmp=/w0/tmp/jh366276/GCC-9.2.0/build/destdir/usr/local_rwth/sw/gcc/9.2.0 --with-mpfr=/w0/tmp/jh366276/GCC-9.2.0/build/destdir/usr/local_rwth/sw/gcc/9.2.0 --with-mpc=/w0/tmp/jh366276/GCC-9.2.0/build/destdir/usr/local_rwth/sw/gcc/9.2.0 --with-ppl=/w0/tmp/jh366276/GCC-9.2.0/build/destdir/usr/local_rwth/sw/gcc/9.2.0 --with-isl --with-default-libstdcxx-abi=gcc4-compatible LDFLAGS='-Wl,-rpath,/usr/local_rwth/sw/gcc/9.2.0/lib64 -Wl,-rpath,/usr/local_rwth/sw/gcc/9.2.0/lib'
Thread model: posix
gcc version 9.2.0 (GCC) 
COMPILER_PATH=/usr/local_rwth/sw/gcc/9.2.0/libexec/gcc/x86_64-pc-linux-gnu/9.2.0/:/usr/local_rwth/sw/gcc/9.2.0/libexec/gcc/
LIBRARY_PATH=/usr/local_rwth/sw/gcc/9.2.0/lib/gcc/x86_64-pc-linux-gnu/9.2.0/:/usr/local_rwth/sw/gcc/9.2.0/lib/gcc/:/usr/local_rwth/sw/gcc/9.2.0/lib64/../lib64/:/usr/local_rwth/sw/gcc/9.2.0/lib/../lib64/:/rwthfs/rz/SW/gcc/CENTOS-7.3/9.2.0/bin/../lib/gcc/x86_64-pc-linux-gnu/9.2.0/../../../../lib64/:/lib/../lib64/:/usr/lib/../lib64/:/usr/local_rwth/sw/gcc/9.2.0/lib64/:/usr/local_rwth/sw/gcc/9.2.0/lib/:/opt/intel/Compiler/19.0/1.144/rwthlnk/daal/lib/intel64_lin/:/opt/intel/Compiler/19.0/1.144/rwthlnk/daal/lib/ia32_lin/:/opt/intel/Compiler/19.0/1.144/rwthlnk/ipp/lib/intel64_lin/:/opt/intel/Compiler/19.0/1.144/rwthlnk/ipp/lib/ia32_lin/:/opt/intel/Compiler/19.0/1.144/rwthlnk/mkl/lib/intel64_lin/:/opt/intel/Compiler/19.0/1.144/rwthlnk/mkl/lib/ia32_lin/:/opt/intel/Compiler/19.0/1.144/rwthlnk/tbb/lib/intel64_lin/gcc4.7/:/opt/intel/Compiler/19.0/1.144/rwthlnk/tbb/lib/ia32_lin/gcc4.7/:/rwthfs/rz/SW/gcc/CENTOS-7.3/9.2.0/bin/../lib/gcc/x86_64-pc-linux-gnu/9.2.0/../../../:/lib/:/usr/lib/
COLLECT_GCC_OPTIONS='-v' '-rdynamic' '-o' 'cmTC_a1cc2' '-shared-libgcc' '-mtune=generic' '-march=x86-64'
 /usr/local_rwth/sw/gcc/9.2.0/libexec/gcc/x86_64-pc-linux-gnu/9.2.0/collect2 -plugin /usr/local_rwth/sw/gcc/9.2.0/libexec/gcc/x86_64-pc-linux-gnu/9.2.0/liblto_plugin.so -plugin-opt=/usr/local_rwth/sw/gcc/9.2.0/libexec/gcc/x86_64-pc-linux-gnu/9.2.0/lto-wrapper -plugin-opt=-fresolution=/tmp/oi995116/login18-1_208136/ccjFgQfU.res -plugin-opt=-pass-through=-lgcc_s -plugin-opt=-pass-through=-lgcc -plugin-opt=-pass-through=-lc -plugin-opt=-pass-through=-lgcc_s -plugin-opt=-pass-through=-lgcc --eh-frame-hdr -m elf_x86_64 -export-dynamic -dynamic-linker /lib64/ld-linux-x86-64.so.2 -o cmTC_a1cc2 /lib/../lib64/crt1.o /lib/../lib64/crti.o /usr/local_rwth/sw/gcc/9.2.0/lib/gcc/x86_64-pc-linux-gnu/9.2.0/crtbegin.o -L/usr/local_rwth/sw/gcc/9.2.0/lib/gcc/x86_64-pc-linux-gnu/9.2.0 -L/usr/local_rwth/sw/gcc/9.2.0/lib/gcc -L/usr/local_rwth/sw/gcc/9.2.0/lib64/../lib64 -L/usr/local_rwth/sw/gcc/9.2.0/lib/../lib64 -L/rwthfs/rz/SW/gcc/CENTOS-7.3/9.2.0/bin/../lib/gcc/x86_64-pc-linux-gnu/9.2.0/../../../../lib64 -L/lib/../lib64 -L/usr/lib/../lib64 -L/usr/local_rwth/sw/gcc/9.2.0/lib64 -L/usr/local_rwth/sw/gcc/9.2.0/lib -L/opt/intel/Compiler/19.0/1.144/rwthlnk/daal/lib/intel64_lin -L/opt/intel/Compiler/19.0/1.144/rwthlnk/daal/lib/ia32_lin -L/opt/intel/Compiler/19.0/1.144/rwthlnk/ipp/lib/intel64_lin -L/opt/intel/Compiler/19.0/1.144/rwthlnk/ipp/lib/ia32_lin -L/opt/intel/Compiler/19.0/1.144/rwthlnk/mkl/lib/intel64_lin -L/opt/intel/Compiler/19.0/1.144/rwthlnk/mkl/lib/ia32_lin -L/opt/intel/Compiler/19.0/1.144/rwthlnk/tbb/lib/intel64_lin/gcc4.7 -L/opt/intel/Compiler/19.0/1.144/rwthlnk/tbb/lib/ia32_lin/gcc4.7 -L/rwthfs/rz/SW/gcc/CENTOS-7.3/9.2.0/bin/../lib/gcc/x86_64-pc-linux-gnu/9.2.0/../../.. CMakeFiles/cmTC_a1cc2.dir/CMakeCXXCompilerABI.cpp.o -lstdc++ -lm -lgcc_s -lgcc -lc -lgcc_s -lgcc /usr/local_rwth/sw/gcc/9.2.0/lib/gcc/x86_64-pc-linux-gnu/9.2.0/crtend.o /lib/../lib64/crtn.o
COLLECT_GCC_OPTIONS='-v' '-rdynamic' '-o' 'cmTC_a1cc2' '-shared-libgcc' '-mtune=generic' '-march=x86-64'
gmake[1]: Leaving directory `/rwthfs/rz/cluster/home/oi995116/Sem3/SiScLab/source/build/CMakeFiles/CMakeTmp'


Parsed CXX implicit link information from above output:
  link line regex: [^( *|.*[/\])(ld|CMAKE_LINK_STARTFILE-NOTFOUND|([^/\]+-)?ld|collect2)[^/\]*( |$)]
  ignore line: [Change Dir: /home/oi995116/Sem3/SiScLab/source/build/CMakeFiles/CMakeTmp]
  ignore line: []
  ignore line: [Run Build Command:"/usr/local_rwth/bin/gmake" "cmTC_a1cc2/fast"]
  ignore line: [/usr/local_rwth/bin/gmake -f CMakeFiles/cmTC_a1cc2.dir/build.make CMakeFiles/cmTC_a1cc2.dir/build]
  ignore line: [gmake[1]: Entering directory `/rwthfs/rz/cluster/home/oi995116/Sem3/SiScLab/source/build/CMakeFiles/CMakeTmp']
  ignore line: [Building CXX object CMakeFiles/cmTC_a1cc2.dir/CMakeCXXCompilerABI.cpp.o]
  ignore line: [/usr/local_rwth/sw/gcc/9.2.0/bin/g++     -o CMakeFiles/cmTC_a1cc2.dir/CMakeCXXCompilerABI.cpp.o -c /usr/share/cmake/Modules/CMakeCXXCompilerABI.cpp]
  ignore line: [Linking CXX executable cmTC_a1cc2]
  ignore line: [/usr/bin/cmake -E cmake_link_script CMakeFiles/cmTC_a1cc2.dir/link.txt --verbose=1]
  ignore line: [/usr/local_rwth/sw/gcc/9.2.0/bin/g++      -v -rdynamic CMakeFiles/cmTC_a1cc2.dir/CMakeCXXCompilerABI.cpp.o  -o cmTC_a1cc2 ]
  ignore line: [Using built-in specs.]
  ignore line: [COLLECT_GCC=/usr/local_rwth/sw/gcc/9.2.0/bin/g++]
  ignore line: [COLLECT_LTO_WRAPPER=/usr/local_rwth/sw/gcc/9.2.0/libexec/gcc/x86_64-pc-linux-gnu/9.2.0/lto-wrapper]
  ignore line: [OFFLOAD_TARGET_NAMES=nvptx-none]
  ignore line: [Target: x86_64-pc-linux-gnu]
  ignore line: [Configured with: ../../SOURCES/gcc-9.2.0/configure --prefix=/usr/local_rwth/sw/gcc/9.2.0 --enable-offload-targets=nvptx-none --enable-languages=c,c++,objc,obj-c++,fortran --enable-lto --enable-install-libiberty --with-gmp=/w0/tmp/jh366276/GCC-9.2.0/build/destdir/usr/local_rwth/sw/gcc/9.2.0 --with-mpfr=/w0/tmp/jh366276/GCC-9.2.0/build/destdir/usr/local_rwth/sw/gcc/9.2.0 --with-mpc=/w0/tmp/jh366276/GCC-9.2.0/build/destdir/usr/local_rwth/sw/gcc/9.2.0 --with-ppl=/w0/tmp/jh366276/GCC-9.2.0/build/destdir/usr/local_rwth/sw/gcc/9.2.0 --with-isl --with-default-libstdcxx-abi=gcc4-compatible LDFLAGS='-Wl,-rpath,/usr/local_rwth/sw/gcc/9.2.0/lib64 -Wl,-rpath,/usr/local_rwth/sw/gcc/9.2.0/lib']
  ignore line: [Thread model: posix]
  ignore line: [gcc version 9.2.0 (GCC) ]
  ignore line: [COMPILER_PATH=/usr/local_rwth/sw/gcc/9.2.0/libexec/gcc/x86_64-pc-linux-gnu/9.2.0/:/usr/local_rwth/sw/gcc/9.2.0/libexec/gcc/]
  ignore line: [LIBRARY_PATH=/usr/local_rwth/sw/gcc/9.2.0/lib/gcc/x86_64-pc-linux-gnu/9.2.0/:/usr/local_rwth/sw/gcc/9.2.0/lib/gcc/:/usr/local_rwth/sw/gcc/9.2.0/lib64/../lib64/:/usr/local_rwth/sw/gcc/9.2.0/lib/../lib64/:/rwthfs/rz/SW/gcc/CENTOS-7.3/9.2.0/bin/../lib/gcc/x86_64-pc-linux-gnu/9.2.0/../../../../lib64/:/lib/../lib64/:/usr/lib/../lib64/:/usr/local_rwth/sw/gcc/9.2.0/lib64/:/usr/local_rwth/sw/gcc/9.2.0/lib/:/opt/intel/Compiler/19.0/1.144/rwthlnk/daal/lib/intel64_lin/:/opt/intel/Compiler/19.0/1.144/rwthlnk/daal/lib/ia32_lin/:/opt/intel/Compiler/19.0/1.144/rwthlnk/ipp/lib/intel64_lin/:/opt/intel/Compiler/19.0/1.144/rwthlnk/ipp/lib/ia32_lin/:/opt/intel/Compiler/19.0/1.144/rwthlnk/mkl/lib/intel64_lin/:/opt/intel/Compiler/19.0/1.144/rwthlnk/mkl/lib/ia32_lin/:/opt/intel/Compiler/19.0/1.144/rwthlnk/tbb/lib/intel64_lin/gcc4.7/:/opt/intel/Compiler/19.0/1.144/rwthlnk/tbb/lib/ia32_lin/gcc4.7/:/rwthfs/rz/SW/gcc/CENTOS-7.3/9.2.0/bin/../lib/gcc/x86_64-pc-linux-gnu/9.2.0/../../../:/lib/:/usr/lib/]
  ignore line: [COLLECT_GCC_OPTIONS='-v' '-rdynamic' '-o' 'cmTC_a1cc2' '-shared-libgcc' '-mtune=generic' '-march=x86-64']
  link line: [ /usr/local_rwth/sw/gcc/9.2.0/libexec/gcc/x86_64-pc-linux-gnu/9.2.0/collect2 -plugin /usr/local_rwth/sw/gcc/9.2.0/libexec/gcc/x86_64-pc-linux-gnu/9.2.0/liblto_plugin.so -plugin-opt=/usr/local_rwth/sw/gcc/9.2.0/libexec/gcc/x86_64-pc-linux-gnu/9.2.0/lto-wrapper -plugin-opt=-fresolution=/tmp/oi995116/login18-1_208136/ccjFgQfU.res -plugin-opt=-pass-through=-lgcc_s -plugin-opt=-pass-through=-lgcc -plugin-opt=-pass-through=-lc -plugin-opt=-pass-through=-lgcc_s -plugin-opt=-pass-through=-lgcc --eh-frame-hdr -m elf_x86_64 -export-dynamic -dynamic-linker /lib64/ld-linux-x86-64.so.2 -o cmTC_a1cc2 /lib/../lib64/crt1.o /lib/../lib64/crti.o /usr/local_rwth/sw/gcc/9.2.0/lib/gcc/x86_64-pc-linux-gnu/9.2.0/crtbegin.o -L/usr/local_rwth/sw/gcc/9.2.0/lib/gcc/x86_64-pc-linux-gnu/9.2.0 -L/usr/local_rwth/sw/gcc/9.2.0/lib/gcc -L/usr/local_rwth/sw/gcc/9.2.0/lib64/../lib64 -L/usr/local_rwth/sw/gcc/9.2.0/lib/../lib64 -L/rwthfs/rz/SW/gcc/CENTOS-7.3/9.2.0/bin/../lib/gcc/x86_64-pc-linux-gnu/9.2.0/../../../../lib64 -L/lib/../lib64 -L/usr/lib/../lib64 -L/usr/local_rwth/sw/gcc/9.2.0/lib64 -L/usr/local_rwth/sw/gcc/9.2.0/lib -L/opt/intel/Compiler/19.0/1.144/rwthlnk/daal/lib/intel64_lin -L/opt/intel/Compiler/19.0/1.144/rwthlnk/daal/lib/ia32_lin -L/opt/intel/Compiler/19.0/1.144/rwthlnk/ipp/lib/intel64_lin -L/opt/intel/Compiler/19.0/1.144/rwthlnk/ipp/lib/ia32_lin -L/opt/intel/Compiler/19.0/1.144/rwthlnk/mkl/lib/intel64_lin -L/opt/intel/Compiler/19.0/1.144/rwthlnk/mkl/lib/ia32_lin -L/opt/intel/Compiler/19.0/1.144/rwthlnk/tbb/lib/intel64_lin/gcc4.7 -L/opt/intel/Compiler/19.0/1.144/rwthlnk/tbb/lib/ia32_lin/gcc4.7 -L/rwthfs/rz/SW/gcc/CENTOS-7.3/9.2.0/bin/../lib/gcc/x86_64-pc-linux-gnu/9.2.0/../../.. CMakeFiles/cmTC_a1cc2.dir/CMakeCXXCompilerABI.cpp.o -lstdc++ -lm -lgcc_s -lgcc -lc -lgcc_s -lgcc /usr/local_rwth/sw/gcc/9.2.0/lib/gcc/x86_64-pc-linux-gnu/9.2.0/crtend.o /lib/../lib64/crtn.o]
    arg [/usr/local_rwth/sw/gcc/9.2.0/libexec/gcc/x86_64-pc-linux-gnu/9.2.0/collect2] ==> ignore
    arg [-plugin] ==> ignore
    arg [/usr/local_rwth/sw/gcc/9.2.0/libexec/gcc/x86_64-pc-linux-gnu/9.2.0/liblto_plugin.so] ==> ignore
    arg [-plugin-opt=/usr/local_rwth/sw/gcc/9.2.0/libexec/gcc/x86_64-pc-linux-gnu/9.2.0/lto-wrapper] ==> ignore
    arg [-plugin-opt=-fresolution=/tmp/oi995116/login18-1_208136/ccjFgQfU.res] ==> ignore
    arg [-plugin-opt=-pass-through=-lgcc_s] ==> ignore
    arg [-plugin-opt=-pass-through=-lgcc] ==> ignore
    arg [-plugin-opt=-pass-through=-lc] ==> ignore
    arg [-plugin-opt=-pass-through=-lgcc_s] ==> ignore
    arg [-plugin-opt=-pass-through=-lgcc] ==> ignore
    arg [--eh-frame-hdr] ==> ignore
    arg [-m] ==> ignore
    arg [elf_x86_64] ==> ignore
    arg [-export-dynamic] ==> ignore
    arg [-dynamic-linker] ==> ignore
    arg [/lib64/ld-linux-x86-64.so.2] ==> ignore
    arg [-o] ==> ignore
    arg [cmTC_a1cc2] ==> ignore
    arg [/lib/../lib64/crt1.o] ==> ignore
    arg [/lib/../lib64/crti.o] ==> ignore
    arg [/usr/local_rwth/sw/gcc/9.2.0/lib/gcc/x86_64-pc-linux-gnu/9.2.0/crtbegin.o] ==> ignore
    arg [-L/usr/local_rwth/sw/gcc/9.2.0/lib/gcc/x86_64-pc-linux-gnu/9.2.0] ==> dir [/usr/local_rwth/sw/gcc/9.2.0/lib/gcc/x86_64-pc-linux-gnu/9.2.0]
    arg [-L/usr/local_rwth/sw/gcc/9.2.0/lib/gcc] ==> dir [/usr/local_rwth/sw/gcc/9.2.0/lib/gcc]
    arg [-L/usr/local_rwth/sw/gcc/9.2.0/lib64/../lib64] ==> dir [/usr/local_rwth/sw/gcc/9.2.0/lib64/../lib64]
    arg [-L/usr/local_rwth/sw/gcc/9.2.0/lib/../lib64] ==> dir [/usr/local_rwth/sw/gcc/9.2.0/lib/../lib64]
    arg [-L/rwthfs/rz/SW/gcc/CENTOS-7.3/9.2.0/bin/../lib/gcc/x86_64-pc-linux-gnu/9.2.0/../../../../lib64] ==> dir [/rwthfs/rz/SW/gcc/CENTOS-7.3/9.2.0/bin/../lib/gcc/x86_64-pc-linux-gnu/9.2.0/../../../../lib64]
    arg [-L/lib/../lib64] ==> dir [/lib/../lib64]
    arg [-L/usr/lib/../lib64] ==> dir [/usr/lib/../lib64]
    arg [-L/usr/local_rwth/sw/gcc/9.2.0/lib64] ==> dir [/usr/local_rwth/sw/gcc/9.2.0/lib64]
    arg [-L/usr/local_rwth/sw/gcc/9.2.0/lib] ==> dir [/usr/local_rwth/sw/gcc/9.2.0/lib]
    arg [-L/opt/intel/Compiler/19.0/1.144/rwthlnk/daal/lib/intel64_lin] ==> dir [/opt/intel/Compiler/19.0/1.144/rwthlnk/daal/lib/intel64_lin]
    arg [-L/opt/intel/Compiler/19.0/1.144/rwthlnk/daal/lib/ia32_lin] ==> dir [/opt/intel/Compiler/19.0/1.144/rwthlnk/daal/lib/ia32_lin]
    arg [-L/opt/intel/Compiler/19.0/1.144/rwthlnk/ipp/lib/intel64_lin] ==> dir [/opt/intel/Compiler/19.0/1.144/rwthlnk/ipp/lib/intel64_lin]
    arg [-L/opt/intel/Compiler/19.0/1.144/rwthlnk/ipp/lib/ia32_lin] ==> dir [/opt/intel/Compiler/19.0/1.144/rwthlnk/ipp/lib/ia32_lin]
    arg [-L/opt/intel/Compiler/19.0/1.144/rwthlnk/mkl/lib/intel64_lin] ==> dir [/opt/intel/Compiler/19.0/1.144/rwthlnk/mkl/lib/intel64_lin]
    arg [-L/opt/intel/Compiler/19.0/1.144/rwthlnk/mkl/lib/ia32_lin] ==> dir [/opt/intel/Compiler/19.0/1.144/rwthlnk/mkl/lib/ia32_lin]
    arg [-L/opt/intel/Compiler/19.0/1.144/rwthlnk/tbb/lib/intel64_lin/gcc4.7] ==> dir [/opt/intel/Compiler/19.0/1.144/rwthlnk/tbb/lib/intel64_lin/gcc4.7]
    arg [-L/opt/intel/Compiler/19.0/1.144/rwthlnk/tbb/lib/ia32_lin/gcc4.7] ==> dir [/opt/intel/Compiler/19.0/1.144/rwthlnk/tbb/lib/ia32_lin/gcc4.7]
    arg [-L/rwthfs/rz/SW/gcc/CENTOS-7.3/9.2.0/bin/../lib/gcc/x86_64-pc-linux-gnu/9.2.0/../../..] ==> dir [/rwthfs/rz/SW/gcc/CENTOS-7.3/9.2.0/bin/../lib/gcc/x86_64-pc-linux-gnu/9.2.0/../../..]
    arg [CMakeFiles/cmTC_a1cc2.dir/CMakeCXXCompilerABI.cpp.o] ==> ignore
    arg [-lstdc++] ==> lib [stdc++]
    arg [-lm] ==> lib [m]
    arg [-lgcc_s] ==> lib [gcc_s]
    arg [-lgcc] ==> lib [gcc]
    arg [-lc] ==> lib [c]
    arg [-lgcc_s] ==> lib [gcc_s]
    arg [-lgcc] ==> lib [gcc]
    arg [/usr/local_rwth/sw/gcc/9.2.0/lib/gcc/x86_64-pc-linux-gnu/9.2.0/crtend.o] ==> ignore
    arg [/lib/../lib64/crtn.o] ==> ignore
  collapse library dir [/usr/local_rwth/sw/gcc/9.2.0/lib/gcc/x86_64-pc-linux-gnu/9.2.0] ==> [/usr/local_rwth/sw/gcc/9.2.0/lib/gcc/x86_64-pc-linux-gnu/9.2.0]
  collapse library dir [/usr/local_rwth/sw/gcc/9.2.0/lib/gcc] ==> [/usr/local_rwth/sw/gcc/9.2.0/lib/gcc]
  collapse library dir [/usr/local_rwth/sw/gcc/9.2.0/lib64/../lib64] ==> [/usr/local_rwth/sw/gcc/9.2.0/lib64]
  collapse library dir [/usr/local_rwth/sw/gcc/9.2.0/lib/../lib64] ==> [/usr/local_rwth/sw/gcc/9.2.0/lib64]
  collapse library dir [/rwthfs/rz/SW/gcc/CENTOS-7.3/9.2.0/bin/../lib/gcc/x86_64-pc-linux-gnu/9.2.0/../../../../lib64] ==> [/rwthfs/rz/SW/gcc/CENTOS-7.3/9.2.0/lib64]
  collapse library dir [/lib/../lib64] ==> [/lib64]
  collapse library dir [/usr/lib/../lib64] ==> [/usr/lib64]
  collapse library dir [/usr/local_rwth/sw/gcc/9.2.0/lib64] ==> [/usr/local_rwth/sw/gcc/9.2.0/lib64]
  collapse library dir [/usr/local_rwth/sw/gcc/9.2.0/lib] ==> [/usr/local_rwth/sw/gcc/9.2.0/lib]
  collapse library dir [/opt/intel/Compiler/19.0/1.144/rwthlnk/daal/lib/intel64_lin] ==> [/opt/intel/Compiler/19.0/1.144/rwthlnk/daal/lib/intel64_lin]
  collapse library dir [/opt/intel/Compiler/19.0/1.144/rwthlnk/daal/lib/ia32_lin] ==> [/opt/intel/Compiler/19.0/1.144/rwthlnk/daal/lib/ia32_lin]
  collapse library dir [/opt/intel/Compiler/19.0/1.144/rwthlnk/ipp/lib/intel64_lin] ==> [/opt/intel/Compiler/19.0/1.144/rwthlnk/ipp/lib/intel64_lin]
  collapse library dir [/opt/intel/Compiler/19.0/1.144/rwthlnk/ipp/lib/ia32_lin] ==> [/opt/intel/Compiler/19.0/1.144/rwthlnk/ipp/lib/ia32_lin]
  collapse library dir [/opt/intel/Compiler/19.0/1.144/rwthlnk/mkl/lib/intel64_lin] ==> [/opt/intel/Compiler/19.0/1.144/rwthlnk/mkl/lib/intel64_lin]
  collapse library dir [/opt/intel/Compiler/19.0/1.144/rwthlnk/mkl/lib/ia32_lin] ==> [/opt/intel/Compiler/19.0/1.144/rwthlnk/mkl/lib/ia32_lin]
  collapse library dir [/opt/intel/Compiler/19.0/1.144/rwthlnk/tbb/lib/intel64_lin/gcc4.7] ==> [/opt/intel/Compiler/19.0/1.144/rwthlnk/tbb/lib/intel64_lin/gcc4.7]
  collapse library dir [/opt/intel/Compiler/19.0/1.144/rwthlnk/tbb/lib/ia32_lin/gcc4.7] ==> [/opt/intel/Compiler/19.0/1.144/rwthlnk/tbb/lib/ia32_lin/gcc4.7]
  collapse library dir [/rwthfs/rz/SW/gcc/CENTOS-7.3/9.2.0/bin/../lib/gcc/x86_64-pc-linux-gnu/9.2.0/../../..] ==> [/rwthfs/rz/SW/gcc/CENTOS-7.3/9.2.0/lib]
  implicit libs: [stdc++;m;gcc_s;gcc;c;gcc_s;gcc]
  implicit dirs: [/usr/local_rwth/sw/gcc/9.2.0/lib/gcc/x86_64-pc-linux-gnu/9.2.0;/usr/local_rwth/sw/gcc/9.2.0/lib/gcc;/usr/local_rwth/sw/gcc/9.2.0/lib64;/rwthfs/rz/SW/gcc/CENTOS-7.3/9.2.0/lib64;/lib64;/usr/lib64;/usr/local_rwth/sw/gcc/9.2.0/lib;/opt/intel/Compiler/19.0/1.144/rwthlnk/daal/lib/intel64_lin;/opt/intel/Compiler/19.0/1.144/rwthlnk/daal/lib/ia32_lin;/opt/intel/Compiler/19.0/1.144/rwthlnk/ipp/lib/intel64_lin;/opt/intel/Compiler/19.0/1.144/rwthlnk/ipp/lib/ia32_lin;/opt/intel/Compiler/19.0/1.144/rwthlnk/mkl/lib/intel64_lin;/opt/intel/Compiler/19.0/1.144/rwthlnk/mkl/lib/ia32_lin;/opt/intel/Compiler/19.0/1.144/rwthlnk/tbb/lib/intel64_lin/gcc4.7;/opt/intel/Compiler/19.0/1.144/rwthlnk/tbb/lib/ia32_lin/gcc4.7;/rwthfs/rz/SW/gcc/CENTOS-7.3/9.2.0/lib]
  implicit fwks: []




Detecting CXX [-std=c++1z] compiler features compiled with the following output:
Change Dir: /home/oi995116/Sem3/SiScLab/source/build/CMakeFiles/CMakeTmp

Run Build Command:"/usr/local_rwth/bin/gmake" "cmTC_08e7d/fast"
/usr/local_rwth/bin/gmake -f CMakeFiles/cmTC_08e7d.dir/build.make CMakeFiles/cmTC_08e7d.dir/build
gmake[1]: Entering directory `/rwthfs/rz/cluster/home/oi995116/Sem3/SiScLab/source/build/CMakeFiles/CMakeTmp'
Building CXX object CMakeFiles/cmTC_08e7d.dir/feature_tests.cxx.o
/usr/local_rwth/sw/gcc/9.2.0/bin/g++    -std=c++1z -o CMakeFiles/cmTC_08e7d.dir/feature_tests.cxx.o -c /home/oi995116/Sem3/SiScLab/source/build/CMakeFiles/feature_tests.cxx
Linking CXX executable cmTC_08e7d
/usr/bin/cmake -E cmake_link_script CMakeFiles/cmTC_08e7d.dir/link.txt --verbose=1
/usr/local_rwth/sw/gcc/9.2.0/bin/g++       -rdynamic CMakeFiles/cmTC_08e7d.dir/feature_tests.cxx.o  -o cmTC_08e7d 
gmake[1]: Leaving directory `/rwthfs/rz/cluster/home/oi995116/Sem3/SiScLab/source/build/CMakeFiles/CMakeTmp'


    Feature record: CXX_FEATURE:1cxx_aggregate_default_initializers
    Feature record: CXX_FEATURE:1cxx_alias_templates
    Feature record: CXX_FEATURE:1cxx_alignas
    Feature record: CXX_FEATURE:1cxx_alignof
    Feature record: CXX_FEATURE:1cxx_attributes
    Feature record: CXX_FEATURE:1cxx_attribute_deprecated
    Feature record: CXX_FEATURE:1cxx_auto_type
    Feature record: CXX_FEATURE:1cxx_binary_literals
    Feature record: CXX_FEATURE:1cxx_constexpr
    Feature record: CXX_FEATURE:1cxx_contextual_conversions
    Feature record: CXX_FEATURE:1cxx_decltype
    Feature record: CXX_FEATURE:1cxx_decltype_auto
    Feature record: CXX_FEATURE:1cxx_decltype_incomplete_return_types
    Feature record: CXX_FEATURE:1cxx_default_function_template_args
    Feature record: CXX_FEATURE:1cxx_defaulted_functions
    Feature record: CXX_FEATURE:1cxx_defaulted_move_initializers
    Feature record: CXX_FEATURE:1cxx_delegating_constructors
    Feature record: CXX_FEATURE:1cxx_deleted_functions
    Feature record: CXX_FEATURE:1cxx_digit_separators
    Feature record: CXX_FEATURE:1cxx_enum_forward_declarations
    Feature record: CXX_FEATURE:1cxx_explicit_conversions
    Feature record: CXX_FEATURE:1cxx_extended_friend_declarations
    Feature record: CXX_FEATURE:1cxx_extern_templates
    Feature record: CXX_FEATURE:1cxx_final
    Feature record: CXX_FEATURE:1cxx_func_identifier
    Feature record: CXX_FEATURE:1cxx_generalized_initializers
    Feature record: CXX_FEATURE:1cxx_generic_lambdas
    Feature record: CXX_FEATURE:1cxx_inheriting_constructors
    Feature record: CXX_FEATURE:1cxx_inline_namespaces
    Feature record: CXX_FEATURE:1cxx_lambdas
    Feature record: CXX_FEATURE:1cxx_lambda_init_captures
    Feature record: CXX_FEATURE:1cxx_local_type_template_args
    Feature record: CXX_FEATURE:1cxx_long_long_type
    Feature record: CXX_FEATURE:1cxx_noexcept
    Feature record: CXX_FEATURE:1cxx_nonstatic_member_init
    Feature record: CXX_FEATURE:1cxx_nullptr
    Feature record: CXX_FEATURE:1cxx_override
    Feature record: CXX_FEATURE:1cxx_range_for
    Feature record: CXX_FEATURE:1cxx_raw_string_literals
    Feature record: CXX_FEATURE:1cxx_reference_qualified_functions
    Feature record: CXX_FEATURE:1cxx_relaxed_constexpr
    Feature record: CXX_FEATURE:1cxx_return_type_deduction
    Feature record: CXX_FEATURE:1cxx_right_angle_brackets
    Feature record: CXX_FEATURE:1cxx_rvalue_references
    Feature record: CXX_FEATURE:1cxx_sizeof_member
    Feature record: CXX_FEATURE:1cxx_static_assert
    Feature record: CXX_FEATURE:1cxx_strong_enums
    Feature record: CXX_FEATURE:1cxx_template_template_parameters
    Feature record: CXX_FEATURE:1cxx_thread_local
    Feature record: CXX_FEATURE:1cxx_trailing_return_types
    Feature record: CXX_FEATURE:1cxx_unicode_literals
    Feature record: CXX_FEATURE:1cxx_uniform_initialization
    Feature record: CXX_FEATURE:1cxx_unrestricted_unions
    Feature record: CXX_FEATURE:1cxx_user_literals
    Feature record: CXX_FEATURE:1cxx_variable_templates
    Feature record: CXX_FEATURE:1cxx_variadic_macros
    Feature record: CXX_FEATURE:1cxx_variadic_templates


Detecting CXX [-std=c++14] compiler features compiled with the following output:
Change Dir: /home/oi995116/Sem3/SiScLab/source/build/CMakeFiles/CMakeTmp

Run Build Command:"/usr/local_rwth/bin/gmake" "cmTC_f1bcb/fast"
/usr/local_rwth/bin/gmake -f CMakeFiles/cmTC_f1bcb.dir/build.make CMakeFiles/cmTC_f1bcb.dir/build
gmake[1]: Entering directory `/rwthfs/rz/cluster/home/oi995116/Sem3/SiScLab/source/build/CMakeFiles/CMakeTmp'
Building CXX object CMakeFiles/cmTC_f1bcb.dir/feature_tests.cxx.o
/usr/local_rwth/sw/gcc/9.2.0/bin/g++    -std=c++14 -o CMakeFiles/cmTC_f1bcb.dir/feature_tests.cxx.o -c /home/oi995116/Sem3/SiScLab/source/build/CMakeFiles/feature_tests.cxx
Linking CXX executable cmTC_f1bcb
/usr/bin/cmake -E cmake_link_script CMakeFiles/cmTC_f1bcb.dir/link.txt --verbose=1
/usr/local_rwth/sw/gcc/9.2.0/bin/g++       -rdynamic CMakeFiles/cmTC_f1bcb.dir/feature_tests.cxx.o  -o cmTC_f1bcb 
gmake[1]: Leaving directory `/rwthfs/rz/cluster/home/oi995116/Sem3/SiScLab/source/build/CMakeFiles/CMakeTmp'


    Feature record: CXX_FEATURE:1cxx_aggregate_default_initializers
    Feature record: CXX_FEATURE:1cxx_alias_templates
    Feature record: CXX_FEATURE:1cxx_alignas
    Feature record: CXX_FEATURE:1cxx_alignof
    Feature record: CXX_FEATURE:1cxx_attributes
    Feature record: CXX_FEATURE:1cxx_attribute_deprecated
    Feature record: CXX_FEATURE:1cxx_auto_type
    Feature record: CXX_FEATURE:1cxx_binary_literals
    Feature record: CXX_FEATURE:1cxx_constexpr
    Feature record: CXX_FEATURE:1cxx_contextual_conversions
    Feature record: CXX_FEATURE:1cxx_decltype
    Feature record: CXX_FEATURE:1cxx_decltype_auto
    Feature record: CXX_FEATURE:1cxx_decltype_incomplete_return_types
    Feature record: CXX_FEATURE:1cxx_default_function_template_args
    Feature record: CXX_FEATURE:1cxx_defaulted_functions
    Feature record: CXX_FEATURE:1cxx_defaulted_move_initializers
    Feature record: CXX_FEATURE:1cxx_delegating_constructors
    Feature record: CXX_FEATURE:1cxx_deleted_functions
    Feature record: CXX_FEATURE:1cxx_digit_separators
    Feature record: CXX_FEATURE:1cxx_enum_forward_declarations
    Feature record: CXX_FEATURE:1cxx_explicit_conversions
    Feature record: CXX_FEATURE:1cxx_extended_friend_declarations
    Feature record: CXX_FEATURE:1cxx_extern_templates
    Feature record: CXX_FEATURE:1cxx_final
    Feature record: CXX_FEATURE:1cxx_func_identifier
    Feature record: CXX_FEATURE:1cxx_generalized_initializers
    Feature record: CXX_FEATURE:1cxx_generic_lambdas
    Feature record: CXX_FEATURE:1cxx_inheriting_constructors
    Feature record: CXX_FEATURE:1cxx_inline_namespaces
    Feature record: CXX_FEATURE:1cxx_lambdas
    Feature record: CXX_FEATURE:1cxx_lambda_init_captures
    Feature record: CXX_FEATURE:1cxx_local_type_template_args
    Feature record: CXX_FEATURE:1cxx_long_long_type
    Feature record: CXX_FEATURE:1cxx_noexcept
    Feature record: CXX_FEATURE:1cxx_nonstatic_member_init
    Feature record: CXX_FEATURE:1cxx_nullptr
    Feature record: CXX_FEATURE:1cxx_override
    Feature record: CXX_FEATURE:1cxx_range_for
    Feature record: CXX_FEATURE:1cxx_raw_string_literals
    Feature record: CXX_FEATURE:1cxx_reference_qualified_functions
    Feature record: CXX_FEATURE:1cxx_relaxed_constexpr
    Feature record: CXX_FEATURE:1cxx_return_type_deduction
    Feature record: CXX_FEATURE:1cxx_right_angle_brackets
    Feature record: CXX_FEATURE:1cxx_rvalue_references
    Feature record: CXX_FEATURE:1cxx_sizeof_member
    Feature record: CXX_FEATURE:1cxx_static_assert
    Feature record: CXX_FEATURE:1cxx_strong_enums
    Feature record: CXX_FEATURE:1cxx_template_template_parameters
    Feature record: CXX_FEATURE:1cxx_thread_local
    Feature record: CXX_FEATURE:1cxx_trailing_return_types
    Feature record: CXX_FEATURE:1cxx_unicode_literals
    Feature record: CXX_FEATURE:1cxx_uniform_initialization
    Feature record: CXX_FEATURE:1cxx_unrestricted_unions
    Feature record: CXX_FEATURE:1cxx_user_literals
    Feature record: CXX_FEATURE:1cxx_variable_templates
    Feature record: CXX_FEATURE:1cxx_variadic_macros
    Feature record: CXX_FEATURE:1cxx_variadic_templates


Detecting CXX [-std=c++11] compiler features compiled with the following output:
Change Dir: /home/oi995116/Sem3/SiScLab/source/build/CMakeFiles/CMakeTmp

Run Build Command:"/usr/local_rwth/bin/gmake" "cmTC_142bb/fast"
/usr/local_rwth/bin/gmake -f CMakeFiles/cmTC_142bb.dir/build.make CMakeFiles/cmTC_142bb.dir/build
gmake[1]: Entering directory `/rwthfs/rz/cluster/home/oi995116/Sem3/SiScLab/source/build/CMakeFiles/CMakeTmp'
Building CXX object CMakeFiles/cmTC_142bb.dir/feature_tests.cxx.o
/usr/local_rwth/sw/gcc/9.2.0/bin/g++    -std=c++11 -o CMakeFiles/cmTC_142bb.dir/feature_tests.cxx.o -c /home/oi995116/Sem3/SiScLab/source/build/CMakeFiles/feature_tests.cxx
Linking CXX executable cmTC_142bb
/usr/bin/cmake -E cmake_link_script CMakeFiles/cmTC_142bb.dir/link.txt --verbose=1
/usr/local_rwth/sw/gcc/9.2.0/bin/g++       -rdynamic CMakeFiles/cmTC_142bb.dir/feature_tests.cxx.o  -o cmTC_142bb 
gmake[1]: Leaving directory `/rwthfs/rz/cluster/home/oi995116/Sem3/SiScLab/source/build/CMakeFiles/CMakeTmp'


    Feature record: CXX_FEATURE:0cxx_aggregate_default_initializers
    Feature record: CXX_FEATURE:1cxx_alias_templates
    Feature record: CXX_FEATURE:1cxx_alignas
    Feature record: CXX_FEATURE:1cxx_alignof
    Feature record: CXX_FEATURE:1cxx_attributes
    Feature record: CXX_FEATURE:0cxx_attribute_deprecated
    Feature record: CXX_FEATURE:1cxx_auto_type
    Feature record: CXX_FEATURE:0cxx_binary_literals
    Feature record: CXX_FEATURE:1cxx_constexpr
    Feature record: CXX_FEATURE:0cxx_contextual_conversions
    Feature record: CXX_FEATURE:1cxx_decltype
    Feature record: CXX_FEATURE:0cxx_decltype_auto
    Feature record: CXX_FEATURE:1cxx_decltype_incomplete_return_types
    Feature record: CXX_FEATURE:1cxx_default_function_template_args
    Feature record: CXX_FEATURE:1cxx_defaulted_functions
    Feature record: CXX_FEATURE:1cxx_defaulted_move_initializers
    Feature record: CXX_FEATURE:1cxx_delegating_constructors
    Feature record: CXX_FEATURE:1cxx_deleted_functions
    Feature record: CXX_FEATURE:0cxx_digit_separators
    Feature record: CXX_FEATURE:1cxx_enum_forward_declarations
    Feature record: CXX_FEATURE:1cxx_explicit_conversions
    Feature record: CXX_FEATURE:1cxx_extended_friend_declarations
    Feature record: CXX_FEATURE:1cxx_extern_templates
    Feature record: CXX_FEATURE:1cxx_final
    Feature record: CXX_FEATURE:1cxx_func_identifier
    Feature record: CXX_FEATURE:1cxx_generalized_initializers
    Feature record: CXX_FEATURE:0cxx_generic_lambdas
    Feature record: CXX_FEATURE:1cxx_inheriting_constructors
    Feature record: CXX_FEATURE:1cxx_inline_namespaces
    Feature record: CXX_FEATURE:1cxx_lambdas
    Feature record: CXX_FEATURE:0cxx_lambda_init_captures
    Feature record: CXX_FEATURE:1cxx_local_type_template_args
    Feature record: CXX_FEATURE:1cxx_long_long_type
    Feature record: CXX_FEATURE:1cxx_noexcept
    Feature record: CXX_FEATURE:1cxx_nonstatic_member_init
    Feature record: CXX_FEATURE:1cxx_nullptr
    Feature record: CXX_FEATURE:1cxx_override
    Feature record: CXX_FEATURE:1cxx_range_for
    Feature record: CXX_FEATURE:1cxx_raw_string_literals
    Feature record: CXX_FEATURE:1cxx_reference_qualified_functions
    Feature record: CXX_FEATURE:0cxx_relaxed_constexpr
    Feature record: CXX_FEATURE:0cxx_return_type_deduction
    Feature record: CXX_FEATURE:1cxx_right_angle_brackets
    Feature record: CXX_FEATURE:1cxx_rvalue_references
    Feature record: CXX_FEATURE:1cxx_sizeof_member
    Feature record: CXX_FEATURE:1cxx_static_assert
    Feature record: CXX_FEATURE:1cxx_strong_enums
    Feature record: CXX_FEATURE:1cxx_template_template_parameters
    Feature record: CXX_FEATURE:1cxx_thread_local
    Feature record: CXX_FEATURE:1cxx_trailing_return_types
    Feature record: CXX_FEATURE:1cxx_unicode_literals
    Feature record: CXX_FEATURE:1cxx_uniform_initialization
    Feature record: CXX_FEATURE:1cxx_unrestricted_unions
    Feature record: CXX_FEATURE:1cxx_user_literals
    Feature record: CXX_FEATURE:0cxx_variable_templates
    Feature record: CXX_FEATURE:1cxx_variadic_macros
    Feature record: CXX_FEATURE:1cxx_variadic_templates


Detecting CXX [-std=c++98] compiler features compiled with the following output:
Change Dir: /home/oi995116/Sem3/SiScLab/source/build/CMakeFiles/CMakeTmp

Run Build Command:"/usr/local_rwth/bin/gmake" "cmTC_83f51/fast"
/usr/local_rwth/bin/gmake -f CMakeFiles/cmTC_83f51.dir/build.make CMakeFiles/cmTC_83f51.dir/build
gmake[1]: Entering directory `/rwthfs/rz/cluster/home/oi995116/Sem3/SiScLab/source/build/CMakeFiles/CMakeTmp'
Building CXX object CMakeFiles/cmTC_83f51.dir/feature_tests.cxx.o
/usr/local_rwth/sw/gcc/9.2.0/bin/g++    -std=c++98 -o CMakeFiles/cmTC_83f51.dir/feature_tests.cxx.o -c /home/oi995116/Sem3/SiScLab/source/build/CMakeFiles/feature_tests.cxx
Linking CXX executable cmTC_83f51
/usr/bin/cmake -E cmake_link_script CMakeFiles/cmTC_83f51.dir/link.txt --verbose=1
/usr/local_rwth/sw/gcc/9.2.0/bin/g++       -rdynamic CMakeFiles/cmTC_83f51.dir/feature_tests.cxx.o  -o cmTC_83f51 
gmake[1]: Leaving directory `/rwthfs/rz/cluster/home/oi995116/Sem3/SiScLab/source/build/CMakeFiles/CMakeTmp'


    Feature record: CXX_FEATURE:0cxx_aggregate_default_initializers
    Feature record: CXX_FEATURE:0cxx_alias_templates
    Feature record: CXX_FEATURE:0cxx_alignas
    Feature record: CXX_FEATURE:0cxx_alignof
    Feature record: CXX_FEATURE:0cxx_attributes
    Feature record: CXX_FEATURE:0cxx_attribute_deprecated
    Feature record: CXX_FEATURE:0cxx_auto_type
    Feature record: CXX_FEATURE:0cxx_binary_literals
    Feature record: CXX_FEATURE:0cxx_constexpr
    Feature record: CXX_FEATURE:0cxx_contextual_conversions
    Feature record: CXX_FEATURE:0cxx_decltype
    Feature record: CXX_FEATURE:0cxx_decltype_auto
    Feature record: CXX_FEATURE:0cxx_decltype_incomplete_return_types
    Feature record: CXX_FEATURE:0cxx_default_function_template_args
    Feature record: CXX_FEATURE:0cxx_defaulted_functions
    Feature record: CXX_FEATURE:0cxx_defaulted_move_initializers
    Feature record: CXX_FEATURE:0cxx_delegating_constructors
    Feature record: CXX_FEATURE:0cxx_deleted_functions
    Feature record: CXX_FEATURE:0cxx_digit_separators
    Feature record: CXX_FEATURE:0cxx_enum_forward_declarations
    Feature record: CXX_FEATURE:0cxx_explicit_conversions
    Feature record: CXX_FEATURE:0cxx_extended_friend_declarations
    Feature record: CXX_FEATURE:0cxx_extern_templates
    Feature record: CXX_FEATURE:0cxx_final
    Feature record: CXX_FEATURE:0cxx_func_identifier
    Feature record: CXX_FEATURE:0cxx_generalized_initializers
    Feature record: CXX_FEATURE:0cxx_generic_lambdas
    Feature record: CXX_FEATURE:0cxx_inheriting_constructors
    Feature record: CXX_FEATURE:0cxx_inline_namespaces
    Feature record: CXX_FEATURE:0cxx_lambdas
    Feature record: CXX_FEATURE:0cxx_lambda_init_captures
    Feature record: CXX_FEATURE:0cxx_local_type_template_args
    Feature record: CXX_FEATURE:0cxx_long_long_type
    Feature record: CXX_FEATURE:0cxx_noexcept
    Feature record: CXX_FEATURE:0cxx_nonstatic_member_init
    Feature record: CXX_FEATURE:0cxx_nullptr
    Feature record: CXX_FEATURE:0cxx_override
    Feature record: CXX_FEATURE:0cxx_range_for
    Feature record: CXX_FEATURE:0cxx_raw_string_literals
    Feature record: CXX_FEATURE:0cxx_reference_qualified_functions
    Feature record: CXX_FEATURE:0cxx_relaxed_constexpr
    Feature record: CXX_FEATURE:0cxx_return_type_deduction
    Feature record: CXX_FEATURE:0cxx_right_angle_brackets
    Feature record: CXX_FEATURE:0cxx_rvalue_references
    Feature record: CXX_FEATURE:0cxx_sizeof_member
    Feature record: CXX_FEATURE:0cxx_static_assert
    Feature record: CXX_FEATURE:0cxx_strong_enums
    Feature record: CXX_FEATURE:1cxx_template_template_parameters
    Feature record: CXX_FEATURE:0cxx_thread_local
    Feature record: CXX_FEATURE:0cxx_trailing_return_types
    Feature record: CXX_FEATURE:0cxx_unicode_literals
    Feature record: CXX_FEATURE:0cxx_uniform_initialization
    Feature record: CXX_FEATURE:0cxx_unrestricted_unions
    Feature record: CXX_FEATURE:0cxx_user_literals
    Feature record: CXX_FEATURE:0cxx_variable_templates
    Feature record: CXX_FEATURE:0cxx_variadic_macros
    Feature record: CXX_FEATURE:0cxx_variadic_templates
